<?xml version="1.0" encoding="UTF-8"?>
<!-- Generated by org.testng.reporters.JUnitReportReporter -->
<testsuite hostname="MacBook-Pro-Vladimir.local" failures="0" tests="6" name="tests.PlaygroundGridTests" time="23.611" errors="0" timestamp="2021-08-10T01:23:33 EEST" skipped="0">
  <testcase classname="tests.PlaygroundGridTests" name="test6" time="2.592"/>
  <system-out/>
  <testcase classname="tests.PlaygroundGridTests" name="test2" time="9.041"/>
  <system-out/>
  <testcase classname="tests.PlaygroundGridTests" name="test5" time="9.211"/>
  <system-out/>
  <testcase classname="tests.PlaygroundGridTests" name="test4" time="1.067"/>
  <system-out/>
  <testcase classname="tests.PlaygroundGridTests" name="test1" time="0.618"/>
  <system-out/>
  <testcase classname="tests.PlaygroundGridTests" name="test3" time="1.082"/>
  <system-out/>
</testsuite> <!-- tests.PlaygroundGridTests -->
